[2018-12-25T22:58:26.548-0300][0.019s] Using Concurrent Mark Sweep
[2018-12-25T22:58:26.548-0300][0.019s] Heap address: 0x00000000e0000000, size: 512 MB, Compressed Oops mode: 32-bit
[2018-12-25T22:58:28.145-0300][1.616s] GC(0) Pause Young (Allocation Failure)
[2018-12-25T22:58:28.145-0300][1.616s] GC(0) Using 4 workers of 4 for evacuation
[2018-12-25T22:58:28.165-0300][1.636s] GC(0) ParNew: 87424K->10538K(109248K)
[2018-12-25T22:58:28.166-0300][1.636s] GC(0) CMS: 0K->0K(393216K)
[2018-12-25T22:58:28.166-0300][1.636s] GC(0) Metaspace: 23379K->23379K(1071104K)
[2018-12-25T22:58:28.166-0300][1.636s] GC(0) Pause Young (Allocation Failure) 85M->10M(490M) 20.980ms
[2018-12-25T22:58:28.166-0300][1.637s] GC(0) User=0.00s Sys=0.06s Real=0.02s
[2018-12-25T22:58:28.166-0300][1.637s] GC(1) Pause Initial Mark
[2018-12-25T22:58:28.168-0300][1.638s] GC(1) Pause Initial Mark 11M->11M(490M) 1.524ms
[2018-12-25T22:58:28.168-0300][1.639s] GC(1) User=0.00s Sys=0.00s Real=0.00s
[2018-12-25T22:58:28.168-0300][1.639s] GC(1) Concurrent Mark
[2018-12-25T22:58:28.168-0300][1.639s] GC(1) Using 4 workers of 4 for marking
[2018-12-25T22:58:28.168-0300][1.639s] GC(1) Concurrent Mark 0.160ms
[2018-12-25T22:58:28.168-0300][1.639s] GC(1) User=0.00s Sys=0.00s Real=0.00s
[2018-12-25T22:58:28.168-0300][1.639s] GC(1) Concurrent Preclean
[2018-12-25T22:58:28.169-0300][1.640s] GC(1) Concurrent Preclean 1.123ms
[2018-12-25T22:58:28.169-0300][1.640s] GC(1) User=0.00s Sys=0.00s Real=0.00s
[2018-12-25T22:58:28.170-0300][1.641s] GC(1) Pause Remark
[2018-12-25T22:58:28.170-0300][1.641s] GC(2) Pause Young (CMS Final Remark)
[2018-12-25T22:58:28.170-0300][1.641s] GC(2) Using 4 workers of 4 for evacuation
[2018-12-25T22:58:28.183-0300][1.654s] GC(2) ParNew: 12110K->12297K(109248K)
[2018-12-25T22:58:28.183-0300][1.654s] GC(2) CMS: 0K->0K(393216K)
[2018-12-25T22:58:28.183-0300][1.654s] GC(2) Metaspace: 23395K->23395K(1071104K)
[2018-12-25T22:58:28.183-0300][1.654s] GC(2) Pause Young (CMS Final Remark) 11M->12M(490M) 13.499ms
[2018-12-25T22:58:28.183-0300][1.654s] GC(2) User=0.00s Sys=0.06s Real=0.02s
[2018-12-25T22:58:28.190-0300][1.661s] GC(1) Pause Remark 11M->12M(490M) 19.892ms
[2018-12-25T22:58:28.190-0300][1.661s] GC(1) User=0.00s Sys=0.06s Real=0.02s
[2018-12-25T22:58:28.190-0300][1.661s] GC(1) Concurrent Sweep
[2018-12-25T22:58:28.190-0300][1.661s] GC(1) Concurrent Sweep 0.068ms
[2018-12-25T22:58:28.190-0300][1.661s] GC(1) User=0.00s Sys=0.00s Real=0.00s
[2018-12-25T22:58:28.190-0300][1.661s] GC(1) Concurrent Reset
[2018-12-25T22:58:28.198-0300][1.669s] GC(1) Concurrent Reset 7.628ms
[2018-12-25T22:58:28.198-0300][1.669s] GC(1) User=0.03s Sys=0.02s Real=0.01s
[2018-12-25T22:58:28.198-0300][1.669s] GC(1) Old: 0K->0K(393216K)
[2018-12-25T22:58:29.183-0300][2.654s] GC(3) Pause Young (Allocation Failure)
[2018-12-25T22:58:29.183-0300][2.654s] GC(3) Using 4 workers of 4 for evacuation
[2018-12-25T22:58:29.192-0300][2.663s] GC(3) ParNew: 99721K->18183K(109248K)
[2018-12-25T22:58:29.192-0300][2.663s] GC(3) CMS: 0K->0K(393216K)
[2018-12-25T22:58:29.192-0300][2.663s] GC(3) Metaspace: 32400K->32400K(1079296K)
[2018-12-25T22:58:29.192-0300][2.663s] GC(3) Pause Young (Allocation Failure) 97M->17M(490M) 8.777ms
[2018-12-25T22:58:29.192-0300][2.663s] GC(3) User=0.04s Sys=0.01s Real=0.01s
[2018-12-25T22:58:29.577-0300][3.048s] GC(4) Pause Young (Allocation Failure)
[2018-12-25T22:58:29.577-0300][3.048s] GC(4) Using 4 workers of 4 for evacuation
[2018-12-25T22:58:29.591-0300][3.062s] GC(4) ParNew: 105607K->21824K(109248K)
[2018-12-25T22:58:29.591-0300][3.062s] GC(4) CMS: 0K->112K(393216K)
[2018-12-25T22:58:29.591-0300][3.062s] GC(4) Metaspace: 35725K->35725K(1081344K)
[2018-12-25T22:58:29.591-0300][3.062s] GC(4) Pause Young (Allocation Failure) 103M->21M(490M) 14.522ms
[2018-12-25T22:58:29.591-0300][3.062s] GC(4) User=0.04s Sys=0.02s Real=0.02s
[2018-12-25T22:58:29.723-0300][3.194s] GC(5) Pause Young (Allocation Failure)
[2018-12-25T22:58:29.723-0300][3.194s] GC(5) Using 4 workers of 4 for evacuation
[2018-12-25T22:58:29.735-0300][3.205s] GC(5) ParNew: 109248K->21824K(109248K)
[2018-12-25T22:58:29.735-0300][3.206s] GC(5) CMS: 112K->804K(393216K)
[2018-12-25T22:58:29.735-0300][3.206s] GC(5) Metaspace: 36760K->36760K(1083392K)
[2018-12-25T22:58:29.735-0300][3.206s] GC(5) Pause Young (Allocation Failure) 106M->22M(490M) 11.993ms
[2018-12-25T22:58:29.735-0300][3.206s] GC(5) User=0.00s Sys=0.00s Real=0.01s
[2018-12-25T22:58:30.205-0300][3.676s] GC(6) Pause Young (Allocation Failure)
[2018-12-25T22:58:30.205-0300][3.676s] GC(6) Using 4 workers of 4 for evacuation
[2018-12-25T22:58:30.217-0300][3.688s] GC(6) ParNew: 109248K->21824K(109248K)
[2018-12-25T22:58:30.217-0300][3.688s] GC(6) CMS: 804K->2608K(393216K)
[2018-12-25T22:58:30.217-0300][3.688s] GC(6) Metaspace: 40801K->40801K(1087488K)
[2018-12-25T22:58:30.217-0300][3.688s] GC(6) Pause Young (Allocation Failure) 107M->23M(490M) 12.083ms
[2018-12-25T22:58:30.217-0300][3.688s] GC(6) User=0.06s Sys=0.00s Real=0.01s
[2018-12-25T22:58:30.217-0300][3.688s] GC(7) Pause Initial Mark
[2018-12-25T22:58:30.220-0300][3.691s] GC(7) Pause Initial Mark 25M->25M(490M) 2.695ms
[2018-12-25T22:58:30.220-0300][3.691s] GC(7) User=0.00s Sys=0.00s Real=0.00s
[2018-12-25T22:58:30.220-0300][3.691s] GC(7) Concurrent Mark
[2018-12-25T22:58:30.220-0300][3.691s] GC(7) Using 4 workers of 4 for marking
[2018-12-25T22:58:30.222-0300][3.693s] GC(7) Concurrent Mark 1.790ms
[2018-12-25T22:58:30.222-0300][3.693s] GC(7) User=0.00s Sys=0.00s Real=0.01s
[2018-12-25T22:58:30.222-0300][3.693s] GC(7) Concurrent Preclean
[2018-12-25T22:58:30.223-0300][3.694s] GC(7) Concurrent Preclean 0.742ms
[2018-12-25T22:58:30.223-0300][3.694s] GC(7) User=0.00s Sys=0.03s Real=0.00s
[2018-12-25T22:58:30.223-0300][3.694s] GC(7) Pause Remark
[2018-12-25T22:58:30.223-0300][3.694s] GC(8) Pause Young (CMS Final Remark)
[2018-12-25T22:58:30.223-0300][3.694s] GC(8) Using 4 workers of 4 for evacuation
[2018-12-25T22:58:30.234-0300][3.705s] GC(8) ParNew: 23116K->21824K(109248K)
[2018-12-25T22:58:30.234-0300][3.705s] GC(8) CMS: 2608K->3792K(393216K)
[2018-12-25T22:58:30.234-0300][3.705s] GC(8) Metaspace: 40813K->40813K(1087488K)
[2018-12-25T22:58:30.234-0300][3.705s] GC(8) Pause Young (CMS Final Remark) 25M->25M(490M) 10.843ms
[2018-12-25T22:58:30.234-0300][3.705s] GC(8) User=0.00s Sys=0.00s Real=0.01s
[2018-12-25T22:58:30.251-0300][3.722s] GC(7) Pause Remark 25M->25M(490M) 27.687ms
[2018-12-25T22:58:30.251-0300][3.722s] GC(7) User=0.06s Sys=0.00s Real=0.02s
[2018-12-25T22:58:30.251-0300][3.722s] GC(7) Concurrent Sweep
[2018-12-25T22:58:30.252-0300][3.723s] GC(7) Concurrent Sweep 0.992ms
[2018-12-25T22:58:30.252-0300][3.723s] GC(7) User=0.00s Sys=0.00s Real=0.01s
[2018-12-25T22:58:30.252-0300][3.723s] GC(7) Concurrent Reset
[2018-12-25T22:58:30.252-0300][3.723s] GC(7) Concurrent Reset 0.230ms
[2018-12-25T22:58:30.252-0300][3.723s] GC(7) User=0.00s Sys=0.00s Real=0.00s
[2018-12-25T22:58:30.252-0300][3.723s] GC(7) Old: 2608K->3627K(393216K)
[2018-12-25T23:01:57.358-0300][210.829s] GC(9) Pause Young (Allocation Failure)
[2018-12-25T23:01:57.358-0300][210.829s] GC(9) Using 4 workers of 4 for evacuation
[2018-12-25T23:01:57.371-0300][210.842s] GC(9) ParNew: 109248K->21824K(109248K)
[2018-12-25T23:01:57.371-0300][210.842s] GC(9) CMS: 3627K->5303K(393216K)
[2018-12-25T23:01:57.371-0300][210.842s] GC(9) Metaspace: 47576K->47576K(1093632K)
[2018-12-25T23:01:57.371-0300][210.842s] GC(9) Pause Young (Allocation Failure) 110M->26M(490M) 13.363ms
[2018-12-25T23:01:57.371-0300][210.842s] GC(9) User=0.07s Sys=0.00s Real=0.02s
[2018-12-25T23:05:45.387-0300][438.858s] GC(10) Pause Young (Allocation Failure)
[2018-12-25T23:05:45.387-0300][438.858s] GC(10) Using 4 workers of 4 for evacuation
[2018-12-25T23:05:45.410-0300][438.880s] GC(10) ParNew: 109248K->21824K(109248K)
[2018-12-25T23:05:45.410-0300][438.880s] GC(10) CMS: 5303K->13241K(393216K)
[2018-12-25T23:05:45.410-0300][438.880s] GC(10) Metaspace: 51174K->51174K(1095680K)
[2018-12-25T23:05:45.410-0300][438.881s] GC(10) Pause Young (Allocation Failure) 111M->34M(490M) 22.546ms
[2018-12-25T23:05:45.410-0300][438.881s] GC(10) User=0.03s Sys=0.01s Real=0.02s
